<?xml version="1.0" encoding="UTF-8"?>
<testng-results ignored="0" total="2" passed="2" failed="0" skipped="0">
  <reporter-output>
  </reporter-output>
  <suite started-at="2026-08-04T16:40:36 IST" name="Default suite" finished-at="2026-08-04T16:40:50 IST" duration-ms="14480">
    <groups>
      <group name="cucumber">
        <method signature="AbstractTestNGCucumberTests.runScenario(io.cucumber.testng.PickleWrapper,io.cucumber.testng.FeatureWrapper)[pri:0, instance:runner.TestRunner@7bedc48a]" name="runScenario" class="io.cucumber.testng.AbstractTestNGCucumberTests"/>
      </group> <!-- cucumber -->
    </groups>
    <test started-at="2026-08-04T16:40:36 IST" name="Default test" finished-at="2026-08-04T16:40:50 IST" duration-ms="14480">
      <class name="runner.TestRunner">
        <test-method is-config="true" signature="setUpClass(org.testng.ITestContext)[pri:0, instance:runner.TestRunner@7bedc48a]" started-at="2026-08-04T16:40:36 IST" name="setUpClass" finished-at="2026-08-04T16:40:36 IST" duration-ms="219" status="PASS">
          <params>
            <param index="0">
              <value>
                <![CDATA[org.testng.TestRunner@3e5fd2b1]]>
              </value>
            </param>
          </params>
          <reporter-output>
          </reporter-output>
        </test-method> <!-- setUpClass -->
        <test-method signature="runScenario(io.cucumber.testng.PickleWrapper,io.cucumber.testng.FeatureWrapper)[pri:0, instance:runner.TestRunner@7bedc48a]" started-at="2026-08-04T16:40:36 IST" name="runScenario" description="Runs Cucumber Scenarios" data-provider="scenarios" finished-at="2026-08-04T16:40:43 IST" duration-ms="7009" status="PASS">
          <params>
            <param index="0">
              <value>
                <![CDATA["select the event and confirm booking"]]>
              </value>
            </param>
            <param index="1">
              <value>
                <![CDATA["Event Booking"]]>
              </value>
            </param>
          </params>
          <reporter-output>
          </reporter-output>
        </test-method> <!-- runScenario -->
        <test-method signature="runScenario(io.cucumber.testng.PickleWrapper,io.cucumber.testng.FeatureWrapper)[pri:0, instance:runner.TestRunner@7bedc48a]" started-at="2026-08-04T16:40:43 IST" name="runScenario" description="Runs Cucumber Scenarios" data-provider="scenarios" finished-at="2026-08-04T16:40:50 IST" duration-ms="7202" status="PASS">
          <params>
            <param index="0">
              <value>
                <![CDATA["cancel the booking on my bookings page"]]>
              </value>
            </param>
            <param index="1">
              <value>
                <![CDATA["Manage my bookings page"]]>
              </value>
            </param>
          </params>
          <reporter-output>
          </reporter-output>
        </test-method> <!-- runScenario -->
        <test-method is-config="true" signature="tearDownClass()[pri:0, instance:runner.TestRunner@7bedc48a]" started-at="2026-08-04T16:40:50 IST" name="tearDownClass" finished-at="2026-08-04T16:40:50 IST" duration-ms="5" status="PASS">
          <reporter-output>
          </reporter-output>
        </test-method> <!-- tearDownClass -->
      </class> <!-- runner.TestRunner -->
    </test> <!-- Default test -->
  </suite> <!-- Default suite -->
</testng-results>
